\BOOKMARK [1][-]{section.1}{Introduction}{}% 1
\BOOKMARK [2][-]{subsection.1.1}{Scope of work}{section.1}% 2
\BOOKMARK [2][-]{subsection.1.2}{Background information}{section.1}% 3
\BOOKMARK [3][-]{subsubsection.1.2.1}{Classical guitar operation}{subsection.1.2}% 4
\BOOKMARK [3][-]{subsubsection.1.2.2}{Electric guitar pickup operation}{subsection.1.2}% 5
\BOOKMARK [3][-]{subsubsection.1.2.3}{String harmonic series}{subsection.1.2}% 6
\BOOKMARK [2][-]{subsection.1.3}{The Fourier transformation}{section.1}% 7
\BOOKMARK [3][-]{subsubsection.1.3.1}{Fourier series}{subsection.1.3}% 8
\BOOKMARK [3][-]{subsubsection.1.3.2}{The Fourier transformation}{subsection.1.3}% 9
\BOOKMARK [1][-]{section.2}{Method}{}% 10
\BOOKMARK [1][-]{section.3}{Data}{}% 11
\BOOKMARK [2][-]{subsection.3.1}{Raw data}{section.3}% 12
\BOOKMARK [2][-]{subsection.3.2}{Data processing}{section.3}% 13
\BOOKMARK [1][-]{section.4}{Analysis}{}% 14
\BOOKMARK [2][-]{subsection.4.1}{Poor harmonic identification}{section.4}% 15
\BOOKMARK [2][-]{subsection.4.2}{Sustain}{section.4}% 16
\BOOKMARK [2][-]{subsection.4.3}{Other minor effects}{section.4}% 17
\BOOKMARK [1][-]{section.5}{Conclusion}{}% 18
\BOOKMARK [2][-]{subsection.5.1}{Rectifying errors}{section.5}% 19
\BOOKMARK [3][-]{subsubsection.5.1.1}{Sustain}{subsection.5.1}% 20
\BOOKMARK [3][-]{subsubsection.5.1.2}{Timbre from picking}{subsection.5.1}% 21
